{
  "RSpec": {
    "coverage": {
      "/home/aura/projects/bingcoop/app/controllers/application_controller.rb": [
        1,
        1,
        1,
        null
      ],
      "/home/aura/projects/bingcoop/app/helpers/application_helper.rb": [
        1,
        null,
        1,
        189,
        189,
        3,
        null,
        186,
        null,
        null,
        null,
        1,
        10,
        null,
        null,
        1,
        6,
        6,
        6,
        null,
        6,
        null,
        null
      ],
      "/home/aura/projects/bingcoop/app/helpers/recipes_helper.rb": [
        1,
        null,
        1,
        11,
        null,
        null,
        null
      ],
      "/home/aura/projects/bingcoop/app/helpers/semesters_helper.rb": [
        1,
        null,
        null,
        1,
        21,
        null,
        21,
        21,
        21,
        21,
        null,
        21,
        21,
        null,
        21,
        null,
        21,
        17,
        15,
        6,
        9,
        2,
        7,
        2,
        null,
        5,
        null,
        null,
        2,
        null,
        null,
        4,
        null,
        null,
        null
      ],
      "/home/aura/projects/bingcoop/app/helpers/sessions_helper.rb": [
        1,
        null,
        1,
        67,
        67,
        null,
        null,
        null,
        null,
        null,
        null,
        null,
        null,
        null,
        null,
        1,
        5,
        5,
        null,
        null,
        1,
        180,
        null,
        null,
        1,
        72,
        null,
        null,
        1,
        480,
        null,
        null,
        1,
        100,
        null,
        null,
        1,
        61,
        5,
        5,
        null,
        null,
        null,
        1,
        66,
        null,
        null,
        1,
        11,
        11,
        11,
        null,
        null,
        null,
        1,
        61,
        61,
        null,
        null,
        1,
        5,
        null,
        null,
        1,
        0,
        null,
        null,
        1,
        0,
        null,
        null
      ],
      "/home/aura/projects/bingcoop/app/helpers/static_pages_helper.rb": [
        1,
        null
      ],
      "/home/aura/projects/bingcoop/app/helpers/users_helper.rb": [
        1,
        null
      ],
      "/home/aura/projects/bingcoop/app/controllers/ingredients_controller.rb": [
        null,
        null,
        null,
        null,
        null,
        null,
        null,
        null,
        null,
        null,
        null,
        null,
        null,
        null,
        null,
        null,
        null,
        null,
        null,
        null,
        null
      ],
      "/home/aura/projects/bingcoop/app/controllers/recipes_controller.rb": [
        1,
        1,
        1,
        null,
        null,
        null,
        null,
        null,
        null,
        null,
        null,
        1,
        17,
        17,
        null,
        null,
        null,
        null,
        null,
        null,
        null,
        null,
        null,
        null,
        null,
        null,
        1,
        6,
        6,
        6,
        null,
        0,
        0,
        null,
        null,
        null,
        1,
        26,
        26,
        25,
        25,
        null,
        1,
        null,
        null,
        null,
        1,
        null,
        null,
        1,
        3,
        3,
        3,
        null,
        0,
        null,
        null,
        null,
        1,
        3,
        null,
        null,
        1,
        null,
        1,
        9,
        9,
        null,
        null,
        1,
        0,
        null,
        0,
        0,
        0,
        null,
        null,
        0,
        0,
        0,
        null,
        null,
        null,
        null
      ],
      "/home/aura/projects/bingcoop/app/models/recipe.rb": [
        null,
        null,
        null,
        null,
        null,
        null,
        null,
        null,
        null,
        null,
        null,
        null,
        null,
        null,
        null,
        null,
        null,
        1,
        null,
        1,
        null,
        null,
        null,
        null,
        null,
        null,
        null,
        null,
        null,
        1,
        null,
        null,
        null,
        null,
        null,
        null,
        1,
        null,
        null,
        null,
        null,
        null,
        1,
        null,
        null,
        null,
        null,
        null,
        null,
        null,
        null,
        null,
        null,
        1,
        null,
        null,
        null,
        null,
        null,
        null,
        1,
        null,
        null,
        null,
        null,
        null,
        null,
        1,
        null,
        null,
        1,
        1,
        1,
        null,
        null,
        null,
        13,
        null,
        1,
        null,
        null,
        null,
        65,
        195,
        null,
        null,
        null,
        1,
        1,
        null,
        1,
        1,
        1,
        1,
        null,
        null,
        1,
        null,
        null,
        1,
        null,
        1,
        34,
        34,
        34,
        34,
        34,
        null,
        0,
        null,
        null,
        0,
        null,
        null,
        null,
        null,
        1,
        1,
        1,
        1,
        1,
        null,
        null,
        null,
        null,
        null,
        null,
        null,
        null,
        null,
        null,
        null,
        null,
        null,
        null,
        null,
        null,
        null,
        null,
        null,
        null,
        null,
        null,
        null,
        null,
        null,
        null,
        null,
        null,
        null,
        null,
        null,
        null,
        null,
        null,
        null,
        null,
        null,
        null,
        null,
        null,
        null,
        null,
        null,
        null,
        1,
        null,
        1,
        null,
        null,
        null,
        null,
        null,
        1,
        0,
        null,
        null,
        null,
        null,
        null,
        null,
        null,
        null,
        null,
        null,
        null,
        null,
        null,
        null,
        null,
        null,
        null,
        null
      ],
      "/home/aura/projects/bingcoop/app/controllers/resources_controller.rb": [
        1,
        1,
        2,
        2,
        2,
        null,
        2,
        2,
        null,
        2,
        2,
        null,
        null
      ],
      "/home/aura/projects/bingcoop/app/controllers/searches_controller.rb": [
        1,
        1,
        null,
        1,
        1,
        null,
        1,
        null,
        null,
        1,
        0,
        0,
        0,
        0,
        0,
        null,
        null,
        null,
        null,
        null
      ],
      "/home/aura/projects/bingcoop/app/models/search.rb": [
        1,
        1,
        1,
        1,
        null,
        1,
        null,
        1,
        1,
        1,
        null,
        1,
        0,
        null,
        null,
        1,
        27,
        0,
        0,
        null,
        null,
        null,
        null,
        1,
        42,
        null,
        null,
        1,
        1,
        null,
        1,
        0,
        0,
        0,
        null,
        0,
        0,
        null,
        0,
        0,
        0,
        null,
        null,
        null,
        0,
        null,
        null,
        1,
        4,
        0,
        0,
        0,
        null,
        null,
        null,
        null,
        null,
        1,
        4,
        0,
        0,
        0,
        null,
        null,
        null,
        null,
        null,
        1,
        4,
        0,
        0,
        0,
        null,
        null,
        null,
        null,
        null
      ],
      "/home/aura/projects/bingcoop/app/controllers/sessions_controller.rb": [
        1,
        null,
        1,
        null,
        null,
        1,
        64,
        64,
        61,
        61,
        null,
        3,
        3,
        null,
        null,
        null,
        1,
        5,
        5,
        null,
        null,
        null
      ],
      "/home/aura/projects/bingcoop/app/controllers/static_pages_controller.rb": [
        1,
        1,
        null,
        null,
        1,
        null,
        null,
        1,
        0,
        0,
        0,
        null,
        null,
        1,
        2,
        null,
        null,
        1,
        null,
        null,
        1,
        null,
        null
      ],
      "/home/aura/projects/bingcoop/app/controllers/suggestions_controller.rb": [
        1,
        1,
        null,
        1,
        0,
        0,
        0,
        null,
        0,
        null,
        0,
        null,
        null,
        1,
        0,
        null,
        null,
        1,
        0,
        null,
        null,
        1,
        null,
        1,
        2,
        null,
        0,
        null,
        null
      ],
      "/home/aura/projects/bingcoop/app/models/suggestion.rb": [
        null,
        null,
        null,
        null,
        null,
        null,
        null,
        null,
        null,
        null,
        null,
        null,
        1,
        1,
        null,
        1,
        null,
        null
      ],
      "/home/aura/projects/bingcoop/app/controllers/users_controller.rb": [
        1,
        1,
        null,
        1,
        1,
        1,
        null,
        1,
        67,
        67,
        null,
        null,
        1,
        3,
        null,
        null,
        1,
        2,
        2,
        1,
        1,
        1,
        null,
        1,
        null,
        null,
        null,
        1,
        null,
        null,
        1,
        5,
        5,
        5,
        5,
        null,
        0,
        null,
        null,
        null,
        1,
        3,
        3,
        3,
        3,
        null,
        0,
        null,
        null,
        null,
        null,
        null,
        null,
        null,
        null,
        null,
        null,
        null,
        null,
        null,
        null,
        null,
        null,
        null,
        null,
        null,
        null,
        null,
        null,
        null,
        null,
        null,
        null,
        1,
        null,
        1,
        13,
        13,
        null,
        null,
        1,
        8,
        null,
        null
      ],
      "/home/aura/projects/bingcoop/app/models/user.rb": [
        null,
        null,
        null,
        null,
        null,
        null,
        null,
        null,
        null,
        null,
        null,
        null,
        null,
        null,
        1,
        1,
        1,
        1,
        null,
        1,
        null,
        117,
        1,
        null,
        1,
        1,
        1,
        null,
        null,
        1,
        null,
        1,
        null,
        1,
        null,
        1,
        1,
        1,
        116,
        null,
        null
      ],
      "/home/aura/projects/bingcoop/app/models/book.rb": [
        null,
        null,
        null,
        null,
        null,
        null,
        null,
        null,
        null,
        null,
        null,
        null,
        null,
        1,
        1,
        null,
        1,
        0,
        0,
        null,
        0,
        null,
        null,
        null
      ],
      "/home/aura/projects/bingcoop/app/models/ingredient.rb": [
        null,
        null,
        null,
        null,
        null,
        null,
        null,
        null,
        null,
        null,
        null,
        null,
        null,
        1,
        null,
        1,
        1,
        1,
        null,
        null,
        null,
        1,
        1,
        null,
        null,
        null,
        null,
        null,
        null,
        null,
        null,
        null,
        null,
        null,
        null,
        null,
        null,
        null,
        null,
        null,
        null,
        null,
        null,
        null,
        1,
        38,
        30,
        null,
        30,
        30,
        18,
        18,
        null,
        12,
        null,
        null,
        8,
        6,
        6,
        null,
        2,
        null,
        null,
        null,
        null,
        1,
        48,
        null,
        null,
        null
      ],
      "/home/aura/projects/bingcoop/app/models/movie.rb": [
        null,
        null,
        null,
        null,
        null,
        null,
        null,
        null,
        null,
        null,
        null,
        null,
        null,
        1,
        1,
        null,
        1,
        0,
        0,
        null,
        0,
        null,
        null,
        null
      ],
      "/home/aura/projects/bingcoop/app/models/product.rb": [
        null,
        null,
        null,
        null,
        null,
        null,
        null,
        null,
        null,
        null,
        null,
        null,
        null,
        null,
        1,
        1,
        null,
        1,
        null,
        null,
        null,
        null,
        1,
        null,
        1,
        0,
        null,
        null,
        1,
        1,
        1,
        1,
        null,
        1,
        null,
        null,
        null,
        1,
        0,
        0,
        0,
        0,
        0,
        null,
        null,
        1,
        0,
        0,
        0,
        0,
        0,
        null,
        null,
        null,
        1,
        1,
        0,
        0,
        0,
        null,
        null
      ],
      "/home/aura/projects/bingcoop/app/models/semester.rb": [
        null,
        null,
        null,
        null,
        null,
        null,
        null,
        null,
        null,
        null,
        null,
        null,
        null,
        1,
        1,
        null,
        null
      ],
      "/home/aura/projects/bingcoop/app/models/website.rb": [
        null,
        null,
        null,
        null,
        null,
        null,
        null,
        null,
        null,
        null,
        null,
        null,
        null,
        null,
        1,
        1,
        null,
        1,
        1,
        null,
        1,
        0,
        0,
        null,
        0,
        null,
        null,
        null
      ],
      "/home/aura/projects/bingcoop/app/validators/array_validator.rb": [
        1,
        1,
        0,
        0,
        0,
        0,
        null,
        0,
        0,
        0,
        null,
        0,
        null,
        null,
        0,
        0,
        null,
        null,
        null,
        null
      ]
    },
    "timestamp": 1361592718
  }
}
